TN:
SF:client\src\components\Button.jsx
FN:7,(anonymous_0)
FN:28,(anonymous_1)
FNF:2
FNH:2
FNDA:12,(anonymous_0)
FNDA:1,(anonymous_1)
DA:7,1
DA:16,12
DA:17,12
DA:18,12
DA:19,12
DA:20,12
DA:28,12
DA:29,1
DA:30,1
DA:33,12
DA:45,1
LF:11
LH:11
BRDA:9,0,0,9
BRDA:10,1,0,9
BRDA:11,2,0,10
BRDA:13,3,0,11
BRDA:19,4,0,2
BRDA:19,4,1,10
BRDA:29,5,0,0
BRDA:29,5,1,1
BRDA:30,6,0,1
BRDA:30,6,1,0
BRDA:40,7,0,12
BRDA:40,7,1,0
BRF:12
BRH:9
end_of_record
TN:
SF:client\src\hooks\useLocalStorage.js
FN:11,(anonymous_0)
FN:13,(anonymous_1)
FN:24,(anonymous_2)
FN:34,(anonymous_3)
FN:35,(anonymous_4)
FN:46,(anonymous_5)
FNF:6
FNH:6
FNDA:11,(anonymous_0)
FNDA:8,(anonymous_1)
FNDA:2,(anonymous_2)
FNDA:8,(anonymous_3)
FNDA:3,(anonymous_4)
FNDA:8,(anonymous_5)
DA:11,1
DA:13,11
DA:14,8
DA:15,8
DA:16,8
DA:18,1
DA:19,1
DA:24,11
DA:25,2
DA:26,2
DA:27,2
DA:29,1
DA:34,11
DA:35,8
DA:36,3
DA:37,1
DA:38,1
DA:40,0
DA:45,8
DA:46,8
DA:49,11
LF:21
LH:20
BRDA:16,0,0,2
BRDA:16,0,1,6
BRDA:36,1,0,1
BRDA:36,1,1,2
BRDA:36,2,0,3
BRDA:36,2,1,2
BRF:6
BRH:6
end_of_record
TN:
SF:client\src\utils\helpers.js
FN:8,(anonymous_0)
FN:18,(anonymous_1)
FN:34,(anonymous_2)
FN:44,(anonymous_3)
FN:59,(anonymous_4)
FN:61,executedFunction
FN:62,(anonymous_6)
FNF:7
FNH:7
FNDA:20,(anonymous_0)
FNDA:5,(anonymous_1)
FNDA:6,(anonymous_2)
FNDA:6,(anonymous_3)
FNDA:3,(anonymous_4)
FNDA:4,executedFunction
FNDA:3,(anonymous_6)
DA:8,2
DA:9,20
DA:10,17
DA:18,2
DA:19,5
DA:20,2
DA:21,2
DA:34,2
DA:35,6
DA:36,2
DA:44,2
DA:45,6
DA:46,6
DA:47,6
DA:48,139
DA:50,6
DA:59,2
DA:61,3
DA:62,4
DA:63,3
DA:64,3
DA:66,4
DA:67,4
LF:23
LH:23
BRDA:9,0,0,3
BRDA:9,0,1,17
BRDA:19,1,0,3
BRDA:19,1,1,2
BRDA:34,2,0,4
BRDA:35,3,0,4
BRDA:35,3,1,2
BRDA:35,4,0,6
BRDA:35,4,1,3
BRDA:44,5,0,3
BRF:10
BRH:10
end_of_record
TN:
SF:server\src\app.js
FN:58,(anonymous_0)
FN:74,(anonymous_1)
FNF:2
FNH:0
FNDA:0,(anonymous_0)
FNDA:0,(anonymous_1)
DA:3,2
DA:4,2
DA:5,2
DA:6,2
DA:7,2
DA:10,2
DA:11,2
DA:14,2
DA:15,2
DA:20,2
DA:23,2
DA:24,2
DA:27,2
DA:30,2
DA:33,2
DA:36,2
DA:41,2
DA:47,2
DA:50,2
DA:51,2
DA:54,2
DA:55,2
DA:58,2
DA:59,0
DA:65,0
DA:69,2
DA:70,2
DA:73,2
DA:74,2
DA:75,0
DA:76,0
DA:77,0
DA:78,0
DA:79,0
DA:81,0
DA:83,0
DA:84,0
DA:90,2
DA:93,2
DA:95,2
LF:40
LH:30
BRDA:42,0,0,2
BRDA:42,0,1,2
BRDA:73,1,0,2
BRDA:73,1,1,0
BRDA:73,2,0,2
BRDA:73,2,1,0
BRF:6
BRH:4
end_of_record
TN:
SF:server\src\middleware\auth.js
FN:8,(anonymous_0)
FN:28,(anonymous_1)
FN:42,(anonymous_2)
FN:43,(anonymous_3)
FN:59,(anonymous_4)
FN:60,(anonymous_5)
FN:65,(anonymous_6)
FN:75,(anonymous_7)
FN:78,(anonymous_8)
FN:85,(anonymous_9)
FNF:10
FNH:7
FNDA:4,(anonymous_0)
FNDA:2,(anonymous_1)
FNDA:3,(anonymous_2)
FNDA:3,(anonymous_3)
FNDA:0,(anonymous_4)
FNDA:0,(anonymous_5)
FNDA:0,(anonymous_6)
FNDA:3,(anonymous_7)
FNDA:8,(anonymous_8)
FNDA:7,(anonymous_9)
DA:3,3
DA:8,3
DA:9,4
DA:10,4
DA:11,4
DA:13,4
DA:14,2
DA:17,2
DA:18,1
DA:19,1
DA:21,1
DA:28,3
DA:29,2
DA:30,2
DA:32,2
DA:33,1
DA:36,1
DA:42,3
DA:43,3
DA:44,3
DA:45,1
DA:48,2
DA:49,1
DA:52,1
DA:59,3
DA:60,0
DA:61,0
DA:62,0
DA:63,0
DA:65,0
DA:68,0
DA:75,3
DA:76,3
DA:78,3
DA:79,8
DA:80,8
DA:81,8
DA:84,8
DA:85,7
DA:86,5
DA:87,1
DA:92,8
DA:93,8
DA:94,1
DA:98,7
DA:99,7
DA:101,7
DA:105,3
LF:48
LH:42
BRDA:13,0,0,2
BRDA:13,0,1,2
BRDA:32,1,0,1
BRDA:32,1,1,1
BRDA:44,2,0,1
BRDA:44,2,1,2
BRDA:44,3,0,3
BRDA:44,3,1,3
BRDA:48,4,0,1
BRDA:48,4,1,1
BRDA:62,5,0,0
BRDA:62,5,1,0
BRDA:75,6,0,0
BRDA:75,7,0,0
BRDA:86,8,0,1
BRDA:86,8,1,4
BRDA:92,9,0,8
BRDA:92,9,1,4
BRDA:93,10,0,1
BRDA:93,10,1,7
BRF:20
BRH:16
end_of_record
TN:
SF:server\src\middleware\errorHandler.js
FN:10,(anonymous_0)
FN:60,(anonymous_1)
FN:75,(anonymous_2)
FN:75,(anonymous_3)
FN:82,(anonymous_4)
FN:83,(anonymous_5)
FN:86,(anonymous_6)
FN:92,(anonymous_7)
FN:98,(anonymous_8)
FN:99,(anonymous_9)
FN:101,(anonymous_10)
FN:109,(anonymous_11)
FNF:12
FNH:1
FNDA:0,(anonymous_0)
FNDA:0,(anonymous_1)
FNDA:16,(anonymous_2)
FNDA:0,(anonymous_3)
FNDA:0,(anonymous_4)
FNDA:0,(anonymous_5)
FNDA:0,(anonymous_6)
FNDA:0,(anonymous_7)
FNDA:0,(anonymous_8)
FNDA:0,(anonymous_9)
FNDA:0,(anonymous_10)
FNDA:0,(anonymous_11)
DA:3,2
DA:5,2
DA:10,2
DA:12,0
DA:25,0
DA:26,0
DA:28,0
DA:29,0
DA:30,0
DA:31,0
DA:32,0
DA:33,0
DA:34,0
DA:35,0
DA:36,0
DA:37,0
DA:38,0
DA:39,0
DA:40,0
DA:41,0
DA:42,0
DA:46,0
DA:48,0
DA:60,2
DA:61,0
DA:66,0
DA:75,16
DA:76,0
DA:82,2
DA:83,0
DA:84,0
DA:86,0
DA:87,0
DA:88,0
DA:92,0
DA:93,0
DA:94,0
DA:98,0
DA:99,0
DA:101,0
DA:102,0
DA:106,0
DA:109,0
DA:110,0
DA:114,0
DA:118,2
LF:46
LH:7
BRDA:28,0,0,0
BRDA:28,0,1,0
BRDA:31,1,0,0
BRDA:31,1,1,0
BRDA:34,2,0,0
BRDA:34,2,1,0
BRDA:37,3,0,0
BRDA:37,3,1,0
BRDA:40,4,0,0
BRDA:40,4,1,0
BRDA:50,5,0,0
BRDA:50,5,1,0
BRF:12
BRH:0
end_of_record
TN:
SF:server\src\middleware\requestLogger.js
FN:10,(anonymous_0)
FN:22,(anonymous_1)
FN:37,(anonymous_2)
FN:45,(anonymous_3)
FNF:4
FNH:0
FNDA:0,(anonymous_0)
FNDA:0,(anonymous_1)
FNDA:0,(anonymous_2)
FNDA:0,(anonymous_3)
DA:3,2
DA:5,2
DA:10,2
DA:11,0
DA:14,0
DA:21,0
DA:22,0
DA:23,0
DA:25,0
DA:28,0
DA:31,0
DA:37,2
DA:39,0
DA:40,0
DA:41,0
DA:42,0
DA:44,0
DA:45,0
DA:46,0
DA:47,0
DA:48,0
DA:50,0
DA:52,0
DA:56,0
DA:59,2
LF:25
LH:5
BRDA:44,0,0,0
BRDA:44,0,1,0
BRF:2
BRH:0
end_of_record
TN:
SF:server\src\models\Post.js
FN:98,(anonymous_0)
FN:106,(anonymous_1)
FN:115,(anonymous_2)
FN:120,(anonymous_3)
FN:131,(anonymous_4)
FN:139,(anonymous_5)
FN:148,(anonymous_6)
FN:156,(anonymous_7)
FN:162,(anonymous_8)
FNF:9
FNH:0
FNDA:0,(anonymous_0)
FNDA:0,(anonymous_1)
FNDA:0,(anonymous_2)
FNDA:0,(anonymous_3)
FNDA:0,(anonymous_4)
FNDA:0,(anonymous_5)
FNDA:0,(anonymous_6)
FNDA:0,(anonymous_7)
FNDA:0,(anonymous_8)
DA:3,2
DA:5,2
DA:88,2
DA:89,2
DA:90,2
DA:91,2
DA:92,2
DA:93,2
DA:94,2
DA:95,2
DA:98,2
DA:99,0
DA:100,0
DA:101,0
DA:102,0
DA:106,2
DA:107,0
DA:108,0
DA:109,0
DA:111,0
DA:115,2
DA:116,0
DA:120,2
DA:121,0
DA:122,0
DA:127,0
DA:131,2
DA:132,0
DA:133,0
DA:135,0
DA:139,2
DA:140,0
DA:148,2
DA:149,0
DA:156,2
DA:157,0
DA:158,0
DA:162,2
DA:163,0
DA:164,0
DA:167,2
LF:41
LH:20
BRDA:108,0,0,0
BRDA:108,0,1,0
BRDA:116,1,0,0
BRDA:116,1,1,0
BRDA:121,2,0,0
BRDA:121,2,1,0
BRDA:121,3,0,0
BRDA:121,3,1,0
BRDA:132,4,0,0
BRDA:132,4,1,0
BRDA:132,5,0,0
BRDA:132,5,1,0
BRDA:132,5,2,0
BRDA:139,6,0,0
BRDA:148,7,0,0
BRF:15
BRH:0
end_of_record
TN:
SF:server\src\models\User.js
FN:58,(anonymous_0)
FN:71,(anonymous_1)
FN:86,(anonymous_2)
FN:91,(anonymous_3)
FN:97,(anonymous_4)
FN:107,(anonymous_5)
FNF:6
FNH:0
FNDA:0,(anonymous_0)
FNDA:0,(anonymous_1)
FNDA:0,(anonymous_2)
FNDA:0,(anonymous_3)
FNDA:0,(anonymous_4)
FNDA:0,(anonymous_5)
DA:3,2
DA:4,2
DA:6,2
DA:58,2
DA:59,0
DA:60,0
DA:62,0
DA:66,2
DA:67,2
DA:68,2
DA:71,2
DA:73,0
DA:75,0
DA:77,0
DA:78,0
DA:79,0
DA:81,0
DA:86,2
DA:87,0
DA:91,2
DA:92,0
DA:93,0
DA:97,2
DA:98,0
DA:107,2
DA:108,0
DA:109,0
DA:110,0
DA:113,2
LF:29
LH:13
BRDA:59,0,0,0
BRDA:59,0,1,0
BRDA:59,1,0,0
BRDA:59,1,1,0
BRDA:73,2,0,0
BRDA:73,2,1,0
BRF:6
BRH:0
end_of_record
TN:
SF:server\src\routes\auth.js
FN:43,(anonymous_0)
FN:97,(anonymous_1)
FN:141,(anonymous_2)
FNF:3
FNH:0
FNDA:0,(anonymous_0)
FNDA:0,(anonymous_1)
FNDA:0,(anonymous_2)
DA:3,2
DA:4,2
DA:5,2
DA:6,2
DA:7,2
DA:8,2
DA:9,2
DA:11,2
DA:12,2
DA:15,2
DA:30,2
DA:43,2
DA:44,0
DA:45,0
DA:46,0
DA:47,0
DA:53,0
DA:56,0
DA:60,0
DA:61,0
DA:62,0
DA:68,0
DA:71,0
DA:77,0
DA:80,0
DA:82,0
DA:84,0
DA:97,2
DA:98,0
DA:99,0
DA:100,0
DA:101,0
DA:107,0
DA:110,0
DA:111,0
DA:112,0
DA:113,0
DA:117,0
DA:118,0
DA:119,0
DA:120,0
DA:124,0
DA:126,0
DA:128,0
DA:141,2
DA:142,0
DA:144,0
DA:145,0
DA:146,0
DA:149,0
DA:151,0
DA:160,2
LF:52
LH:15
BRDA:45,0,0,0
BRDA:45,0,1,0
BRDA:60,1,0,0
BRDA:60,1,1,0
BRDA:63,2,0,0
BRDA:63,2,1,0
BRDA:99,3,0,0
BRDA:99,3,1,0
BRDA:111,4,0,0
BRDA:111,4,1,0
BRDA:118,5,0,0
BRDA:118,5,1,0
BRDA:144,6,0,0
BRDA:144,6,1,0
BRF:14
BRH:0
end_of_record
TN:
SF:server\src\routes\posts.js
FN:54,(anonymous_0)
FN:107,(anonymous_1)
FN:125,(anonymous_2)
FN:166,(anonymous_3)
FN:217,(anonymous_4)
FNF:5
FNH:0
FNDA:0,(anonymous_0)
FNDA:0,(anonymous_1)
FNDA:0,(anonymous_2)
FNDA:0,(anonymous_3)
FNDA:0,(anonymous_4)
DA:3,2
DA:4,2
DA:5,2
DA:6,2
DA:7,2
DA:8,2
DA:9,2
DA:11,2
DA:12,2
DA:15,2
DA:30,2
DA:50,2
DA:55,0
DA:56,0
DA:57,0
DA:63,0
DA:66,0
DA:67,0
DA:68,0
DA:72,0
DA:75,0
DA:83,0
DA:85,0
DA:93,0
DA:107,2
DA:108,0
DA:112,0
DA:113,0
DA:114,0
DA:117,0
DA:119,0
DA:125,2
DA:126,0
DA:127,0
DA:128,0
DA:132,0
DA:138,0
DA:141,0
DA:149,0
DA:152,0
DA:154,0
DA:160,0
DA:166,2
DA:167,0
DA:168,0
DA:169,0
DA:174,0
DA:180,0
DA:182,0
DA:183,0
DA:184,0
DA:185,0
DA:188,0
DA:189,0
DA:192,0
DA:194,0
DA:200,0
DA:201,0
DA:202,0
DA:205,0
DA:211,0
DA:217,2
DA:218,0
DA:220,0
DA:221,0
DA:222,0
DA:225,0
DA:231,0
DA:234,2
LF:69
LH:17
BRDA:56,0,0,0
BRDA:56,0,1,0
BRDA:63,1,0,0
BRDA:63,2,0,0
BRDA:67,3,0,0
BRDA:67,3,1,0
BRDA:90,4,0,0
BRDA:90,4,1,0
BRDA:112,5,0,0
BRDA:112,5,1,0
BRDA:127,6,0,0
BRDA:127,6,1,0
BRDA:168,7,0,0
BRDA:168,7,1,0
BRDA:183,8,0,0
BRDA:183,8,1,0
BRDA:184,9,0,0
BRDA:184,9,1,0
BRDA:185,10,0,0
BRDA:185,10,1,0
BRDA:188,11,0,0
BRDA:188,11,1,0
BRDA:200,12,0,0
BRDA:200,12,1,0
BRDA:220,13,0,0
BRDA:220,13,1,0
BRF:26
BRH:0
end_of_record
TN:
SF:server\src\utils\auth.js
FN:11,(anonymous_0)
FN:24,(anonymous_1)
FN:37,(anonymous_2)
FN:48,(anonymous_3)
FN:57,(anonymous_4)
FNF:5
FNH:5
FNDA:4,(anonymous_0)
FNDA:5,(anonymous_1)
FNDA:5,(anonymous_2)
FNDA:2,(anonymous_3)
FNDA:10,(anonymous_4)
DA:3,4
DA:4,4
DA:11,4
DA:12,4
DA:24,4
DA:25,5
DA:26,5
DA:28,3
DA:37,4
DA:38,5
DA:39,5
DA:48,4
DA:49,2
DA:57,4
DA:58,10
DA:59,6
DA:61,4
DA:64,4
LF:18
LH:18
BRDA:14,0,0,4
BRDA:14,0,1,4
BRDA:26,1,0,5
BRDA:26,1,1,5
BRDA:58,2,0,6
BRDA:58,2,1,4
BRDA:58,3,0,10
BRDA:58,3,1,7
BRF:8
BRH:8
end_of_record
TN:
SF:server\src\utils\logger.js
FN:43,(anonymous_0)
FN:81,(anonymous_1)
FN:82,(anonymous_2)
FN:83,(anonymous_3)
FN:84,(anonymous_4)
FN:85,(anonymous_5)
FN:86,(anonymous_6)
FN:89,(anonymous_7)
FN:106,(anonymous_8)
FN:117,(anonymous_9)
FN:130,(anonymous_10)
FNF:11
FNH:1
FNDA:0,(anonymous_0)
FNDA:12,(anonymous_1)
FNDA:0,(anonymous_2)
FNDA:0,(anonymous_3)
FNDA:0,(anonymous_4)
FNDA:0,(anonymous_5)
FNDA:0,(anonymous_6)
FNDA:0,(anonymous_7)
FNDA:0,(anonymous_8)
FNDA:0,(anonymous_9)
FNDA:0,(anonymous_10)
DA:3,2
DA:4,2
DA:7,2
DA:16,2
DA:25,2
DA:28,2
DA:36,2
DA:44,0
DA:45,0
DA:73,2
DA:81,12
DA:82,0
DA:83,0
DA:84,0
DA:85,0
DA:86,0
DA:90,0
DA:91,0
DA:92,0
DA:94,0
DA:95,0
DA:107,0
DA:108,0
DA:110,0
DA:111,0
DA:113,0
DA:118,0
DA:119,0
DA:121,0
DA:131,0
DA:132,0
DA:134,0
DA:143,2
LF:33
LH:10
BRDA:39,0,0,2
BRDA:39,0,1,2
BRDA:44,1,0,0
BRDA:44,1,1,0
BRDA:74,2,0,2
BRDA:74,2,1,2
BRDA:82,3,0,0
BRDA:83,4,0,0
BRDA:84,5,0,0
BRDA:85,6,0,0
BRDA:86,7,0,0
BRDA:94,8,0,0
BRDA:94,8,1,0
BRDA:106,9,0,0
BRDA:106,10,0,0
BRDA:106,11,0,0
BRDA:110,12,0,0
BRDA:110,12,1,0
BRDA:117,13,0,0
BRDA:117,14,0,0
BRDA:117,15,0,0
BRDA:118,16,0,0
BRDA:118,16,1,0
BRDA:119,17,0,0
BRDA:119,17,1,0
BRDA:130,18,0,0
BRDA:132,19,0,0
BRDA:132,19,1,0
BRF:28
BRH:4
end_of_record
TN:
SF:server\src\utils\performance.js
FN:11,(anonymous_0)
FN:20,(anonymous_1)
FN:30,(anonymous_2)
FN:51,(anonymous_3)
FN:66,(anonymous_4)
FN:72,(anonymous_5)
FN:100,(anonymous_6)
FN:112,(anonymous_7)
FN:135,(anonymous_8)
FN:137,(anonymous_9)
FN:154,(anonymous_10)
FNF:11
FNH:1
FNDA:2,(anonymous_0)
FNDA:0,(anonymous_1)
FNDA:0,(anonymous_2)
FNDA:0,(anonymous_3)
FNDA:0,(anonymous_4)
FNDA:0,(anonymous_5)
FNDA:0,(anonymous_6)
FNDA:0,(anonymous_7)
FNDA:0,(anonymous_8)
FNDA:0,(anonymous_9)
FNDA:0,(anonymous_10)
DA:3,2
DA:5,2
DA:12,2
DA:13,2
DA:14,2
DA:21,0
DA:31,0
DA:32,0
DA:33,0
DA:34,0
DA:37,0
DA:38,0
DA:40,0
DA:43,0
DA:45,0
DA:52,0
DA:53,0
DA:54,0
DA:55,0
DA:56,0
DA:58,0
DA:59,0
DA:67,0
DA:68,0
DA:71,0
DA:72,0
DA:73,0
DA:82,0
DA:83,0
DA:91,0
DA:94,0
DA:101,0
DA:102,0
DA:113,0
DA:114,0
DA:121,0
DA:124,0
DA:125,0
DA:126,0
DA:129,0
DA:136,0
DA:137,0
DA:138,0
DA:139,0
DA:141,0
DA:142,0
DA:145,0
DA:148,0
DA:155,0
DA:156,0
DA:158,0
DA:173,2
DA:175,2
LF:53
LH:7
BRDA:30,0,0,0
BRDA:32,1,0,0
BRDA:32,1,1,0
BRDA:51,2,0,0
BRDA:82,3,0,0
BRDA:82,3,1,0
BRDA:125,4,0,0
BRDA:125,4,1,0
BRDA:141,5,0,0
BRDA:141,5,1,0
BRF:10
BRH:0
end_of_record
