TN:
SF:client\src\components\Button.jsx
FN:7,(anonymous_0)
FN:28,(anonymous_1)
FNF:2
FNH:2
FNDA:12,(anonymous_0)
FNDA:1,(anonymous_1)
DA:7,1
DA:16,12
DA:17,12
DA:18,12
DA:19,12
DA:20,12
DA:28,12
DA:29,1
DA:30,1
DA:33,12
DA:45,1
LF:11
LH:11
BRDA:9,0,0,9
BRDA:10,1,0,9
BRDA:11,2,0,10
BRDA:13,3,0,11
BRDA:19,4,0,2
BRDA:19,4,1,10
BRDA:29,5,0,0
BRDA:29,5,1,1
BRDA:30,6,0,1
BRDA:30,6,1,0
BRDA:40,7,0,12
BRDA:40,7,1,0
BRF:12
BRH:9
end_of_record
TN:
SF:client\src\hooks\useLocalStorage.js
FN:11,(anonymous_0)
FN:13,(anonymous_1)
FN:24,(anonymous_2)
FN:34,(anonymous_3)
FN:35,(anonymous_4)
FN:46,(anonymous_5)
FNF:6
FNH:6
FNDA:11,(anonymous_0)
FNDA:8,(anonymous_1)
FNDA:2,(anonymous_2)
FNDA:8,(anonymous_3)
FNDA:3,(anonymous_4)
FNDA:8,(anonymous_5)
DA:11,1
DA:13,11
DA:14,8
DA:15,8
DA:16,8
DA:18,1
DA:19,1
DA:24,11
DA:25,2
DA:26,2
DA:27,2
DA:29,1
DA:34,11
DA:35,8
DA:36,3
DA:37,1
DA:38,1
DA:40,0
DA:45,8
DA:46,8
DA:49,11
LF:21
LH:20
BRDA:16,0,0,2
BRDA:16,0,1,6
BRDA:36,1,0,1
BRDA:36,1,1,2
BRDA:36,2,0,3
BRDA:36,2,1,2
BRF:6
BRH:6
end_of_record
TN:
SF:client\src\utils\helpers.js
FN:8,(anonymous_0)
FN:18,(anonymous_1)
FN:34,(anonymous_2)
FN:44,(anonymous_3)
FN:59,(anonymous_4)
FN:61,executedFunction
FN:62,(anonymous_6)
FNF:7
FNH:7
FNDA:20,(anonymous_0)
FNDA:5,(anonymous_1)
FNDA:6,(anonymous_2)
FNDA:6,(anonymous_3)
FNDA:3,(anonymous_4)
FNDA:4,executedFunction
FNDA:3,(anonymous_6)
DA:8,2
DA:9,20
DA:10,17
DA:18,2
DA:19,5
DA:20,2
DA:21,2
DA:34,2
DA:35,6
DA:36,2
DA:44,2
DA:45,6
DA:46,6
DA:47,6
DA:48,139
DA:50,6
DA:59,2
DA:61,3
DA:62,4
DA:63,3
DA:64,3
DA:66,4
DA:67,4
LF:23
LH:23
BRDA:9,0,0,3
BRDA:9,0,1,17
BRDA:19,1,0,3
BRDA:19,1,1,2
BRDA:34,2,0,4
BRDA:35,3,0,4
BRDA:35,3,1,2
BRDA:35,4,0,6
BRDA:35,4,1,3
BRDA:44,5,0,3
BRF:10
BRH:10
end_of_record
